<?xml version="1.0" encoding="UTF-8"?>
<!-- Generated by org.testng.reporters.JUnitReportReporter -->
<testsuite hostname="LIN24008133" failures="0" tests="2" name="stepdefinations.driverele" time="5.817" errors="0" timestamp="2025-07-07T21:52:10 IST" skipped="0">
  <testcase classname="stepdefinations.driverele" name="linked" time="0.016"/>
  <system-out/>
  <testcase classname="stepdefinations.driverele" name="link" time="5.801"/>
  <system-out/>
</testsuite> <!-- stepdefinations.driverele -->
