<?xml version="1.0" encoding="UTF-8"?>
<!-- Generated by org.testng.reporters.JUnitReportReporter -->
<testsuite hostname="LIN24008133" failures="0" tests="4" name="stepdefinations.testbnfgg" time="31.482" errors="0" timestamp="2025-07-17T14:09:47 IST" skipped="0">
  <testcase classname="stepdefinations.testbnfgg" name="login" time="10.980"/>
  <system-out/>
  <testcase classname="stepdefinations.testbnfgg" name="login" time="6.938"/>
  <system-out/>
  <testcase classname="stepdefinations.testbnfgg" name="printer" time="6.358"/>
  <system-out/>
  <testcase classname="stepdefinations.testbnfgg" name="printo" time="7.206"/>
  <system-out/>
</testsuite> <!-- stepdefinations.testbnfgg -->
