<?xml version="1.0" encoding="UTF-8"?>
<!-- Generated by org.testng.reporters.JUnitXMLReporter -->
<testsuite ignored="0" hostname="LIN24008133" failures="0" tests="4" name="Test1" time="17.995" errors="0" timestamp="2025-07-17T14:09:46 IST">
  <testcase classname="stepdefinations.testbnfgg" name="printer" time="6.353"/>
  <testcase classname="stepdefinations.testbnfgg" name="login" time="10.967"/>
  <testcase classname="stepdefinations.testbnfgg" name="printo" time="7.204"/>
  <testcase classname="stepdefinations.testbnfgg" name="login" time="6.924"/>
</testsuite> <!-- Test1 -->
